#
# There is insufficient memory for the Java Runtime Environment to continue.
# Native memory allocation (malloc) failed to allocate 1048576 bytes for AllocateHeap
# Possible reasons:
#   The system is out of physical RAM or swap space
#   The process is running with CompressedOops enabled, and the Java Heap may be blocking the growth of the native heap
# Possible solutions:
#   Reduce memory load on the system
#   Increase physical memory or swap space
#   Check if swap backing store is full
#   Decrease Java heap size (-Xmx/-Xms)
#   Decrease number of Java threads
#   Decrease Java thread stack sizes (-Xss)
#   Set larger code cache with -XX:ReservedCodeCacheSize=
#   JVM is running with Unscaled Compressed Oops mode in which the Java heap is
#     placed in the first 4GB address space. The Java Heap base address is the
#     maximum limit for the native heap growth. Please use -XX:HeapBaseMinAddress
#     to set the Java Heap base and to place the Java Heap above 4GB virtual address.
# This output file may be truncated or incomplete.
#
#  Out of Memory Error (memory/allocation.inline.hpp:61), pid=11528, tid=0x00000000000033c4
#
# JRE version:  (8.0_212-b10) (build )
# Java VM: Java HotSpot(TM) 64-Bit Server VM (25.212-b10 mixed mode windows-amd64 compressed oops)
# Failed to write core dump. Minidumps are not enabled by default on client versions of Windows
#

---------------  T H R E A D  ---------------

Current thread (0x000000000267d800):  JavaThread "Unknown thread" [_thread_in_vm, id=13252, stack(0x0000000002720000,0x0000000002820000)]

Stack: [0x0000000002720000,0x0000000002820000]
[error occurred during error reporting (printing stack bounds), id 0xc0000005]

Native frames: (J=compiled Java code, j=interpreted, Vv=VM code, C=native code)


---------------  P R O C E S S  ---------------

Java Threads: ( => current thread )

Other Threads:

=>0x000000000267d800 (exited) JavaThread "Unknown thread" [_thread_in_vm, id=13252, stack(0x0000000002720000,0x0000000002820000)]

VM state:not at safepoint (normal execution)

VM Mutex/Monitor currently owned by a thread: None

heap address: 0x00000000c1c00000, size: 996 MB, Compressed Oops mode: 32-bit
Narrow klass base: 0x0000000000000000, Narrow klass shift: 3
Compressed class space size: 1073741824 Address: 0x0000000100000000

Heap:
 PSYoungGen      total 18944K, used 327K [0x00000000eb400000, 0x00000000ec900000, 0x0000000100000000)
  eden space 16384K, 2% used [0x00000000eb400000,0x00000000eb451ec8,0x00000000ec400000)
  from space 2560K, 0% used [0x00000000ec680000,0x00000000ec680000,0x00000000ec900000)
  to   space 2560K, 0% used [0x00000000ec400000,0x00000000ec400000,0x00000000ec680000)
 ParOldGen       total 44032K, used 0K [0x00000000c1c00000, 0x00000000c4700000, 0x00000000eb400000)
  object space 44032K, 0% used [0x00000000c1c00000,0x00000000c1c00000,0x00000000c4700000)
 Metaspace       used 751K, capacity 4480K, committed 4480K, reserved 1056768K
  class space    used 76K, capacity 384K, committed 384K, reserved 1048576K

Card table byte_map: [0x0000000011ce0000,0x0000000011ee0000] byte_map_base: 0x00000000116d2000

Marking Bits: (ParMarkBitMap*) 0x0000000050d85ce0
 Begin Bits: [0x0000000012430000, 0x00000000133c0000)
 End Bits:   [0x00000000133c0000, 0x0000000014350000)

Polling page: 0x0000000002650000

CodeCache: size=245760Kb used=328Kb max_used=328Kb free=245431Kb
 bounds [0x0000000002920000, 0x0000000002b90000, 0x0000000011920000]
 total_blobs=58 nmethods=0 adapters=38
 compilation: enabled

Compilation events (0 events):
No events

GC Heap History (0 events):
No events

Deoptimization events (0 events):
No events

Classes redefined (0 events):
No events

Internal exceptions (0 events):
No events

Events (10 events):
Event: 0.047 loading class java/lang/Short
Event: 0.048 loading class java/lang/Short done
Event: 0.048 loading class java/lang/Integer
Event: 0.049 loading class java/lang/Integer done
Event: 0.049 loading class java/lang/Long
Event: 0.049 loading class java/lang/Long done
Event: 0.050 loading class java/lang/NullPointerException
Event: 0.051 loading class java/lang/NullPointerException done
Event: 0.051 loading class java/lang/ArithmeticException
Event: 0.051 loading class java/lang/ArithmeticException done


Dynamic libraries:
0x00007ff73ecf0000 - 0x00007ff73ed27000 	C:\Program Files\Java\jre1.8.0_212\bin\javaw.exe
0x00007fff16a30000 - 0x00007fff16c11000 	C:\WINDOWS\SYSTEM32\ntdll.dll
0x00007fff150b0000 - 0x00007fff15161000 	C:\WINDOWS\System32\KERNEL32.DLL
0x00007fff12eb0000 - 0x00007fff13123000 	C:\WINDOWS\System32\KERNELBASE.dll
0x00007fff15420000 - 0x00007fff154c1000 	C:\WINDOWS\System32\ADVAPI32.dll
0x00007fff14780000 - 0x00007fff1481e000 	C:\WINDOWS\System32\msvcrt.dll
0x00007fff14820000 - 0x00007fff1487b000 	C:\WINDOWS\System32\sechost.dll
0x00007fff14440000 - 0x00007fff14564000 	C:\WINDOWS\System32\RPCRT4.dll
0x00007fff14f00000 - 0x00007fff15090000 	C:\WINDOWS\System32\USER32.dll
0x00007fff13c00000 - 0x00007fff13c20000 	C:\WINDOWS\System32\win32u.dll
0x00007fff153f0000 - 0x00007fff15418000 	C:\WINDOWS\System32\GDI32.dll
0x00007fff13a60000 - 0x00007fff13bf2000 	C:\WINDOWS\System32\gdi32full.dll
0x00007fff139c0000 - 0x00007fff13a5f000 	C:\WINDOWS\System32\msvcp_win.dll
0x00007fff138c0000 - 0x00007fff139b8000 	C:\WINDOWS\System32\ucrtbase.dll
0x00007fff03680000 - 0x00007fff038e9000 	C:\WINDOWS\WinSxS\amd64_microsoft.windows.common-controls_6595b64144ccf1df_6.0.17134.799_none_fb46a2653061bee5\COMCTL32.dll
0x00007fff14980000 - 0x00007fff14ca2000 	C:\WINDOWS\System32\combase.dll
0x00007fff13130000 - 0x00007fff131aa000 	C:\WINDOWS\System32\bcryptPrimitives.dll
0x00007fff15170000 - 0x00007fff1519d000 	C:\WINDOWS\System32\IMM32.DLL
0x00007fff11e00000 - 0x00007fff11e31000 	C:\WINDOWS\SYSTEM32\ntmarta.dll
0x00007fff12c70000 - 0x00007fff12ca0000 	C:\WINDOWS\SYSTEM32\SspiCli.dll
0x0000000051140000 - 0x0000000051212000 	C:\Program Files\Java\jre1.8.0_212\bin\msvcr100.dll
0x0000000050560000 - 0x0000000050e05000 	C:\Program Files\Java\jre1.8.0_212\bin\server\jvm.dll
0x00007fff14750000 - 0x00007fff14758000 	C:\WINDOWS\System32\PSAPI.DLL
0x00007fff03510000 - 0x00007fff03519000 	C:\WINDOWS\SYSTEM32\WSOCK32.dll
0x00007fff16990000 - 0x00007fff169fc000 	C:\WINDOWS\System32\WS2_32.dll
0x00007fff105b0000 - 0x00007fff105d3000 	C:\WINDOWS\SYSTEM32\WINMM.dll
0x00007fff0e990000 - 0x00007fff0e99a000 	C:\WINDOWS\SYSTEM32\VERSION.dll
0x00007fff10580000 - 0x00007fff105aa000 	C:\WINDOWS\SYSTEM32\WINMMBASE.dll
0x00007fff13c20000 - 0x00007fff13c69000 	C:\WINDOWS\System32\cfgmgr32.dll
0x00007fff0e130000 - 0x00007fff0e13f000 	C:\Program Files\Java\jre1.8.0_212\bin\verify.dll
0x00007fff05230000 - 0x00007fff05259000 	C:\Program Files\Java\jre1.8.0_212\bin\java.dll
0x00007fff09b30000 - 0x00007fff09b46000 	C:\Program Files\Java\jre1.8.0_212\bin\zip.dll

VM Arguments:
jvm_args: -Dfile.encoding=UTF-8 
java_command: view.CupEMartFrame
java_class_path (initial): C:\Users\dsoto\Desktop\Progra\Lab 2 GridBadCostrains\bin
Launcher Type: SUN_STANDARD

Environment Variables:
PATH=C:/Program Files/Java/jre1.8.0_212/bin/server;C:/Program Files/Java/jre1.8.0_212/bin;C:/Program Files/Java/jre1.8.0_212/lib/amd64;C:\Program Files (x86)\Common Files\Oracle\Java\javapath;C:\Program Files (x86)\Intel\iCLS Client\;C:\Program Files\Intel\iCLS Client\;C:\WINDOWS\system32;C:\WINDOWS;C:\WINDOWS\System32\Wbem;C:\WINDOWS\System32\WindowsPowerShell\v1.0\;C:\WINDOWS\System32\OpenSSH\;C:\Program Files (x86)\Intel\Intel(R) Management Engine Components\DAL;C:\Program Files\Intel\Intel(R) Management Engine Components\DAL;C:\Program Files (x86)\Intel\Intel(R) Management Engine Components\IPT;C:\Program Files\Intel\Intel(R) Management Engine Components\IPT;C:\Program Files (x86)\NVIDIA Corporation\PhysX\Common;C:\Program Files\NVIDIA Corporation\NVIDIA NvDLISR;C:\Program Files (x86)\Brackets\command;C:\Users\dsoto\AppData\Local\Microsoft\WindowsApps;;C:\Users\dsoto\Desktop;
USERNAME=dsoto
OS=Windows_NT
PROCESSOR_IDENTIFIER=Intel64 Family 6 Model 142 Stepping 9, GenuineIntel



---------------  S Y S T E M  ---------------

OS: Windows 10.0 , 64 bit Build 17134 (10.0.17134.753)

CPU:total 4 (initial active 4) (2 cores per cpu, 2 threads per core) family 6 model 142 stepping 9, cmov, cx8, fxsr, mmx, sse, sse2, sse3, ssse3, sse4.1, sse4.2, popcnt, avx, avx2, aes, clmul, erms, 3dnowpref, lzcnt, ht, tsc, tscinvbit, bmi1, bmi2, adx

Memory: 4k page, physical 4072880k(714412k free), swap 12264880k(5616k free)

vm_info: Java HotSpot(TM) 64-Bit Server VM (25.212-b10) for windows-amd64 JRE (1.8.0_212-b10), built on Apr  1 2019 22:50:23 by "java_re" with MS VC++ 10.0 (VS2010)

time: Tue Jun 11 11:58:13 2019
timezone: Hora est. Pacífico, Sudamérica
elapsed time: 0 seconds (0d 0h 0m 0s)

